Build started 16.2.2015 11:45:51.
     1>Project "C:\Users\ttv14snikos\Desktop\EUS\EUS\EUS\EUS.vcxproj" on node 2 (Build target(s)).
     1>ClCompile:
         C:\Program Files (x86)\Microsoft Visual Studio 12.0\VC\bin\CL.exe /c /I./include /ZI /nologo /W3 /WX- /sdl /Od /Oy- /D GLEW_STATIC /D _MBCS /D _UNICODE /D UNICODE /Gm /EHsc /RTC1 /MDd /GS /fp:precise /Zc:wchar_t /Zc:forScope /Fo"Debug\\" /Fd"Debug\vc120.pdb" /FR"Debug\\" /Gd /TP /analyze- /errorReport:prompt EUS.cpp Entity.cpp EntityBuilder.cpp EntityManager.cpp Game.cpp Main.cpp MapLoader.cpp SceneManager.cpp SpriteRenderer.cpp TileInfo.cpp
         SpriteRenderer.cpp
         MapLoader.cpp
         Main.cpp
         EntityBuilder.cpp
     1>c:\users\ttv14snikos\desktop\eus\eus\eus\entitybuilder.cpp(9): error C2511: 'Entity *EntityBuilder::borderMap(Game &,const std::string &) const' : overloaded member function not found in 'EntityBuilder'
                 c:\users\ttv14snikos\desktop\eus\eus\eus\entitybuilder.h(5) : see declaration of 'EntityBuilder'
     1>c:\users\ttv14snikos\desktop\eus\eus\eus\entitybuilder.cpp(20): error C2511: 'Entity *EntityBuilder::tile(Game &) const' : overloaded member function not found in 'EntityBuilder'
                 c:\users\ttv14snikos\desktop\eus\eus\eus\entitybuilder.h(5) : see declaration of 'EntityBuilder'
     1>c:\users\ttv14snikos\desktop\eus\eus\eus\entitybuilder.cpp(23): error C2664: 'SpriteRenderer::SpriteRenderer(const SpriteRenderer &)' : cannot convert argument 2 from 'Entity *' to 'Entity &'
     1>c:\users\ttv14snikos\desktop\eus\eus\eus\entitybuilder.cpp(23): error C2512: 'SpriteRenderer' : no appropriate default constructor available
         Generating Code...
         Skipping... (no relevant changes detected)
         TileInfo.cpp
         SceneManager.cpp
         Game.cpp
         EntityManager.cpp
         Entity.cpp
         EUS.cpp
     1>Done Building Project "C:\Users\ttv14snikos\Desktop\EUS\EUS\EUS\EUS.vcxproj" (Build target(s)) -- FAILED.

Build FAILED.

Time Elapsed 00:00:02.78
